CRITICAL - 2024-06-06 07:08:38 --> Class "Locale" not found
in SYSTEMPATH\CodeIgniter.php on line 194.
 1 ROOTPATH\spark(83): CodeIgniter\CodeIgniter->initialize()
CRITICAL - 2024-06-06 05:12:21 --> "auth" filter must have a matching alias defined.
in SYSTEMPATH\Filters\Filters.php on line 493.
 1 SYSTEMPATH\Filters\Filters.php(493): CodeIgniter\Filters\Exceptions\FilterException::forNoAlias('auth')
 2 SYSTEMPATH\Filters\Filters.php(243): CodeIgniter\Filters\Filters->processAliasesToClass('before')
 3 SYSTEMPATH\Filters\Filters.php(163): CodeIgniter\Filters\Filters->initialize('/')
 4 SYSTEMPATH\CodeIgniter.php(471): CodeIgniter\Filters\Filters->run('/', 'before')
 5 SYSTEMPATH\CodeIgniter.php(366): CodeIgniter\CodeIgniter->handleRequest(null, Object(Config\Cache), false)
 6 FCPATH\index.php(67): CodeIgniter\CodeIgniter->run()
 7 SYSTEMPATH\Commands\Server\rewrite.php(47): require_once('C:\\xampp\\htdocs\\mojmain\\public\\index.php')
CRITICAL - 2024-06-06 05:14:21 --> "auth" filter must have a matching alias defined.
in SYSTEMPATH\Filters\Filters.php on line 493.
 1 SYSTEMPATH\Filters\Filters.php(493): CodeIgniter\Filters\Exceptions\FilterException::forNoAlias('auth')
 2 SYSTEMPATH\Filters\Filters.php(243): CodeIgniter\Filters\Filters->processAliasesToClass('before')
 3 SYSTEMPATH\Filters\Filters.php(163): CodeIgniter\Filters\Filters->initialize('job_apply/byid_user/8')
 4 SYSTEMPATH\CodeIgniter.php(471): CodeIgniter\Filters\Filters->run('job_apply/Byid_user/8', 'before')
 5 SYSTEMPATH\CodeIgniter.php(366): CodeIgniter\CodeIgniter->handleRequest(null, Object(Config\Cache), false)
 6 FCPATH\index.php(67): CodeIgniter\CodeIgniter->run()
 7 SYSTEMPATH\Commands\Server\rewrite.php(47): require_once('C:\\xampp\\htdocs\\mojmain\\public\\index.php')
CRITICAL - 2024-06-06 07:07:26 --> Undefined variable $users
in APPPATH\Views\Hotel_list.php on line 161.
 1 APPPATH\Views\Hotel_list.php(161): CodeIgniter\Debug\Exceptions->errorHandler(2, 'Undefined variable $users', 'C:\\xampp\\htdocs\\Khandelwal\\app\\Views\\Hotel_list.php', 161)
 2 SYSTEMPATH\View\View.php(224): include('C:\\xampp\\htdocs\\Khandelwal\\app\\Views\\Hotel_list.php')
 3 SYSTEMPATH\View\View.php(227): CodeIgniter\View\View->CodeIgniter\View\{closure}()
 4 SYSTEMPATH\Common.php(1180): CodeIgniter\View\View->render('Hotel_list', [], true)
 5 APPPATH\Controllers\Home.php(57): view('Hotel_list')
 6 SYSTEMPATH\CodeIgniter.php(932): App\Controllers\Home->hotel_list()
 7 SYSTEMPATH\CodeIgniter.php(497): CodeIgniter\CodeIgniter->runController(Object(App\Controllers\Home))
 8 SYSTEMPATH\CodeIgniter.php(366): CodeIgniter\CodeIgniter->handleRequest(null, Object(Config\Cache), false)
 9 FCPATH\index.php(67): CodeIgniter\CodeIgniter->run()
10 SYSTEMPATH\Commands\Server\rewrite.php(47): require_once('C:\\xampp\\htdocs\\Khandelwal\\public\\index.php')
CRITICAL - 2024-06-06 07:27:31 --> Undefined property: stdClass::$last_name
in APPPATH\Views\Hotel_list.php on line 194.
 1 APPPATH\Views\Hotel_list.php(194): CodeIgniter\Debug\Exceptions->errorHandler(2, 'Undefined property: stdClass::$last_name', 'C:\\xampp\\htdocs\\Khandelwal\\app\\Views\\Hotel_list.php', 194)
 2 SYSTEMPATH\View\View.php(224): include('C:\\xampp\\htdocs\\Khandelwal\\app\\Views\\Hotel_list.php')
 3 SYSTEMPATH\View\View.php(227): CodeIgniter\View\View->CodeIgniter\View\{closure}()
 4 SYSTEMPATH\Common.php(1180): CodeIgniter\View\View->render('Hotel_list', [], true)
 5 APPPATH\Controllers\Home.php(57): view('Hotel_list', [...])
 6 SYSTEMPATH\CodeIgniter.php(932): App\Controllers\Home->hotel_list()
 7 SYSTEMPATH\CodeIgniter.php(497): CodeIgniter\CodeIgniter->runController(Object(App\Controllers\Home))
 8 SYSTEMPATH\CodeIgniter.php(366): CodeIgniter\CodeIgniter->handleRequest(null, Object(Config\Cache), false)
 9 FCPATH\index.php(67): CodeIgniter\CodeIgniter->run()
10 SYSTEMPATH\Commands\Server\rewrite.php(47): require_once('C:\\xampp\\htdocs\\Khandelwal\\public\\index.php')
CRITICAL - 2024-06-06 07:53:10 --> Attempt to read property "id" on array
in APPPATH\Views\Hotel_list.php on line 187.
 1 APPPATH\Views\Hotel_list.php(187): CodeIgniter\Debug\Exceptions->errorHandler(2, 'Attempt to read property "id" on array', 'C:\\xampp\\htdocs\\Khandelwal\\app\\Views\\Hotel_list.php', 187)
 2 SYSTEMPATH\View\View.php(224): include('C:\\xampp\\htdocs\\Khandelwal\\app\\Views\\Hotel_list.php')
 3 SYSTEMPATH\View\View.php(227): CodeIgniter\View\View->CodeIgniter\View\{closure}()
 4 SYSTEMPATH\Common.php(1180): CodeIgniter\View\View->render('Hotel_list', [], true)
 5 APPPATH\Controllers\Home.php(58): view('Hotel_list', [...])
 6 SYSTEMPATH\CodeIgniter.php(932): App\Controllers\Home->hotel_list()
 7 SYSTEMPATH\CodeIgniter.php(497): CodeIgniter\CodeIgniter->runController(Object(App\Controllers\Home))
 8 SYSTEMPATH\CodeIgniter.php(366): CodeIgniter\CodeIgniter->handleRequest(null, Object(Config\Cache), false)
 9 FCPATH\index.php(67): CodeIgniter\CodeIgniter->run()
10 SYSTEMPATH\Commands\Server\rewrite.php(47): require_once('C:\\xampp\\htdocs\\Khandelwal\\public\\index.php')
CRITICAL - 2024-06-06 07:54:46 --> Attempt to read property "id" on array
in APPPATH\Views\Hotel_list.php on line 187.
 1 APPPATH\Views\Hotel_list.php(187): CodeIgniter\Debug\Exceptions->errorHandler(2, 'Attempt to read property "id" on array', 'C:\\xampp\\htdocs\\Khandelwal\\app\\Views\\Hotel_list.php', 187)
 2 SYSTEMPATH\View\View.php(224): include('C:\\xampp\\htdocs\\Khandelwal\\app\\Views\\Hotel_list.php')
 3 SYSTEMPATH\View\View.php(227): CodeIgniter\View\View->CodeIgniter\View\{closure}()
 4 SYSTEMPATH\Common.php(1180): CodeIgniter\View\View->render('Hotel_list', [], true)
 5 APPPATH\Controllers\Home.php(58): view('Hotel_list', [...])
 6 SYSTEMPATH\CodeIgniter.php(932): App\Controllers\Home->hotel_list()
 7 SYSTEMPATH\CodeIgniter.php(497): CodeIgniter\CodeIgniter->runController(Object(App\Controllers\Home))
 8 SYSTEMPATH\CodeIgniter.php(366): CodeIgniter\CodeIgniter->handleRequest(null, Object(Config\Cache), false)
 9 FCPATH\index.php(67): CodeIgniter\CodeIgniter->run()
10 SYSTEMPATH\Commands\Server\rewrite.php(47): require_once('C:\\xampp\\htdocs\\Khandelwal\\public\\index.php')
CRITICAL - 2024-06-06 07:55:00 --> Attempt to read property "id" on array
in APPPATH\Views\Hotel_list.php on line 187.
 1 APPPATH\Views\Hotel_list.php(187): CodeIgniter\Debug\Exceptions->errorHandler(2, 'Attempt to read property "id" on array', 'C:\\xampp\\htdocs\\Khandelwal\\app\\Views\\Hotel_list.php', 187)
 2 SYSTEMPATH\View\View.php(224): include('C:\\xampp\\htdocs\\Khandelwal\\app\\Views\\Hotel_list.php')
 3 SYSTEMPATH\View\View.php(227): CodeIgniter\View\View->CodeIgniter\View\{closure}()
 4 SYSTEMPATH\Common.php(1180): CodeIgniter\View\View->render('Hotel_list', [], true)
 5 APPPATH\Controllers\Home.php(58): view('Hotel_list', [...])
 6 SYSTEMPATH\CodeIgniter.php(932): App\Controllers\Home->hotel_list()
 7 SYSTEMPATH\CodeIgniter.php(497): CodeIgniter\CodeIgniter->runController(Object(App\Controllers\Home))
 8 SYSTEMPATH\CodeIgniter.php(366): CodeIgniter\CodeIgniter->handleRequest(null, Object(Config\Cache), false)
 9 FCPATH\index.php(67): CodeIgniter\CodeIgniter->run()
10 SYSTEMPATH\Commands\Server\rewrite.php(47): require_once('C:\\xampp\\htdocs\\Khandelwal\\public\\index.php')
CRITICAL - 2024-06-06 07:55:45 --> Attempt to read property "id" on array
in APPPATH\Views\Hotel_list.php on line 187.
 1 APPPATH\Views\Hotel_list.php(187): CodeIgniter\Debug\Exceptions->errorHandler(2, 'Attempt to read property "id" on array', 'C:\\xampp\\htdocs\\Khandelwal\\app\\Views\\Hotel_list.php', 187)
 2 SYSTEMPATH\View\View.php(224): include('C:\\xampp\\htdocs\\Khandelwal\\app\\Views\\Hotel_list.php')
 3 SYSTEMPATH\View\View.php(227): CodeIgniter\View\View->CodeIgniter\View\{closure}()
 4 SYSTEMPATH\Common.php(1180): CodeIgniter\View\View->render('Hotel_list', [], true)
 5 APPPATH\Controllers\Home.php(58): view('Hotel_list', [...])
 6 SYSTEMPATH\CodeIgniter.php(932): App\Controllers\Home->hotel_list()
 7 SYSTEMPATH\CodeIgniter.php(497): CodeIgniter\CodeIgniter->runController(Object(App\Controllers\Home))
 8 SYSTEMPATH\CodeIgniter.php(366): CodeIgniter\CodeIgniter->handleRequest(null, Object(Config\Cache), false)
 9 FCPATH\index.php(67): CodeIgniter\CodeIgniter->run()
10 SYSTEMPATH\Commands\Server\rewrite.php(47): require_once('C:\\xampp\\htdocs\\Khandelwal\\public\\index.php')
CRITICAL - 2024-06-06 08:37:38 --> Attempt to read property "id" on array
in APPPATH\Views\Hotel_list.php on line 187.
 1 APPPATH\Views\Hotel_list.php(187): CodeIgniter\Debug\Exceptions->errorHandler(2, 'Attempt to read property "id" on array', 'C:\\xampp\\htdocs\\Khandelwal\\app\\Views\\Hotel_list.php', 187)
 2 SYSTEMPATH\View\View.php(224): include('C:\\xampp\\htdocs\\Khandelwal\\app\\Views\\Hotel_list.php')
 3 SYSTEMPATH\View\View.php(227): CodeIgniter\View\View->CodeIgniter\View\{closure}()
 4 SYSTEMPATH\Common.php(1180): CodeIgniter\View\View->render('Hotel_list', [], true)
 5 APPPATH\Controllers\Home.php(58): view('Hotel_list', [...])
 6 SYSTEMPATH\CodeIgniter.php(932): App\Controllers\Home->hotel_list()
 7 SYSTEMPATH\CodeIgniter.php(497): CodeIgniter\CodeIgniter->runController(Object(App\Controllers\Home))
 8 SYSTEMPATH\CodeIgniter.php(366): CodeIgniter\CodeIgniter->handleRequest(null, Object(Config\Cache), false)
 9 FCPATH\index.php(67): CodeIgniter\CodeIgniter->run()
10 SYSTEMPATH\Commands\Server\rewrite.php(47): require_once('C:\\xampp\\htdocs\\Khandelwal\\public\\index.php')
CRITICAL - 2024-06-06 08:39:09 --> Attempt to read property "id" on array
in APPPATH\Views\Hotel_list.php on line 185.
 1 APPPATH\Views\Hotel_list.php(185): CodeIgniter\Debug\Exceptions->errorHandler(2, 'Attempt to read property "id" on array', 'C:\\xampp\\htdocs\\Khandelwal\\app\\Views\\Hotel_list.php', 185)
 2 SYSTEMPATH\View\View.php(224): include('C:\\xampp\\htdocs\\Khandelwal\\app\\Views\\Hotel_list.php')
 3 SYSTEMPATH\View\View.php(227): CodeIgniter\View\View->CodeIgniter\View\{closure}()
 4 SYSTEMPATH\Common.php(1180): CodeIgniter\View\View->render('Hotel_list', [], true)
 5 APPPATH\Controllers\Home.php(58): view('Hotel_list', [...])
 6 SYSTEMPATH\CodeIgniter.php(932): App\Controllers\Home->hotel_list()
 7 SYSTEMPATH\CodeIgniter.php(497): CodeIgniter\CodeIgniter->runController(Object(App\Controllers\Home))
 8 SYSTEMPATH\CodeIgniter.php(366): CodeIgniter\CodeIgniter->handleRequest(null, Object(Config\Cache), false)
 9 FCPATH\index.php(67): CodeIgniter\CodeIgniter->run()
10 SYSTEMPATH\Commands\Server\rewrite.php(47): require_once('C:\\xampp\\htdocs\\Khandelwal\\public\\index.php')
CRITICAL - 2024-06-06 08:40:27 --> Undefined variable $data
in APPPATH\Controllers\Home.php on line 53.
 1 APPPATH\Controllers\Home.php(53): CodeIgniter\Debug\Exceptions->errorHandler(2, 'Undefined variable $data', 'C:\\xampp\\htdocs\\Khandelwal\\app\\Controllers\\Home.php', 53)
 2 SYSTEMPATH\CodeIgniter.php(932): App\Controllers\Home->hotel_list()
 3 SYSTEMPATH\CodeIgniter.php(497): CodeIgniter\CodeIgniter->runController(Object(App\Controllers\Home))
 4 SYSTEMPATH\CodeIgniter.php(366): CodeIgniter\CodeIgniter->handleRequest(null, Object(Config\Cache), false)
 5 FCPATH\index.php(67): CodeIgniter\CodeIgniter->run()
 6 SYSTEMPATH\Commands\Server\rewrite.php(47): require_once('C:\\xampp\\htdocs\\Khandelwal\\public\\index.php')
CRITICAL - 2024-06-06 08:40:55 --> Undefined variable $users
in APPPATH\Views\Hotel_list.php on line 159.
 1 APPPATH\Views\Hotel_list.php(159): CodeIgniter\Debug\Exceptions->errorHandler(2, 'Undefined variable $users', 'C:\\xampp\\htdocs\\Khandelwal\\app\\Views\\Hotel_list.php', 159)
 2 SYSTEMPATH\View\View.php(224): include('C:\\xampp\\htdocs\\Khandelwal\\app\\Views\\Hotel_list.php')
 3 SYSTEMPATH\View\View.php(227): CodeIgniter\View\View->CodeIgniter\View\{closure}()
 4 SYSTEMPATH\Common.php(1180): CodeIgniter\View\View->render('Hotel_list', [], true)
 5 APPPATH\Controllers\Home.php(58): view('Hotel_list', [...])
 6 SYSTEMPATH\CodeIgniter.php(932): App\Controllers\Home->hotel_list()
 7 SYSTEMPATH\CodeIgniter.php(497): CodeIgniter\CodeIgniter->runController(Object(App\Controllers\Home))
 8 SYSTEMPATH\CodeIgniter.php(366): CodeIgniter\CodeIgniter->handleRequest(null, Object(Config\Cache), false)
 9 FCPATH\index.php(67): CodeIgniter\CodeIgniter->run()
10 SYSTEMPATH\Commands\Server\rewrite.php(47): require_once('C:\\xampp\\htdocs\\Khandelwal\\public\\index.php')
CRITICAL - 2024-06-06 08:41:19 --> Attempt to read property "id" on array
in APPPATH\Views\Hotel_list.php on line 185.
 1 APPPATH\Views\Hotel_list.php(185): CodeIgniter\Debug\Exceptions->errorHandler(2, 'Attempt to read property "id" on array', 'C:\\xampp\\htdocs\\Khandelwal\\app\\Views\\Hotel_list.php', 185)
 2 SYSTEMPATH\View\View.php(224): include('C:\\xampp\\htdocs\\Khandelwal\\app\\Views\\Hotel_list.php')
 3 SYSTEMPATH\View\View.php(227): CodeIgniter\View\View->CodeIgniter\View\{closure}()
 4 SYSTEMPATH\Common.php(1180): CodeIgniter\View\View->render('Hotel_list', [], true)
 5 APPPATH\Controllers\Home.php(58): view('Hotel_list', [...])
 6 SYSTEMPATH\CodeIgniter.php(932): App\Controllers\Home->hotel_list()
 7 SYSTEMPATH\CodeIgniter.php(497): CodeIgniter\CodeIgniter->runController(Object(App\Controllers\Home))
 8 SYSTEMPATH\CodeIgniter.php(366): CodeIgniter\CodeIgniter->handleRequest(null, Object(Config\Cache), false)
 9 FCPATH\index.php(67): CodeIgniter\CodeIgniter->run()
10 SYSTEMPATH\Commands\Server\rewrite.php(47): require_once('C:\\xampp\\htdocs\\Khandelwal\\public\\index.php')
CRITICAL - 2024-06-06 08:43:05 --> Attempt to read property "id" on array
in APPPATH\Views\Hotel_list.php on line 185.
 1 APPPATH\Views\Hotel_list.php(185): CodeIgniter\Debug\Exceptions->errorHandler(2, 'Attempt to read property "id" on array', 'C:\\xampp\\htdocs\\Khandelwal\\app\\Views\\Hotel_list.php', 185)
 2 SYSTEMPATH\View\View.php(224): include('C:\\xampp\\htdocs\\Khandelwal\\app\\Views\\Hotel_list.php')
 3 SYSTEMPATH\View\View.php(227): CodeIgniter\View\View->CodeIgniter\View\{closure}()
 4 SYSTEMPATH\Common.php(1180): CodeIgniter\View\View->render('Hotel_list', [], true)
 5 APPPATH\Controllers\Home.php(58): view('Hotel_list', [...])
 6 SYSTEMPATH\CodeIgniter.php(932): App\Controllers\Home->hotel_list()
 7 SYSTEMPATH\CodeIgniter.php(497): CodeIgniter\CodeIgniter->runController(Object(App\Controllers\Home))
 8 SYSTEMPATH\CodeIgniter.php(366): CodeIgniter\CodeIgniter->handleRequest(null, Object(Config\Cache), false)
 9 FCPATH\index.php(67): CodeIgniter\CodeIgniter->run()
10 SYSTEMPATH\Commands\Server\rewrite.php(47): require_once('C:\\xampp\\htdocs\\Khandelwal\\public\\index.php')
CRITICAL - 2024-06-06 08:44:13 --> Attempt to read property "id" on array
in APPPATH\Views\Hotel_list.php on line 184.
 1 APPPATH\Views\Hotel_list.php(184): CodeIgniter\Debug\Exceptions->errorHandler(2, 'Attempt to read property "id" on array', 'C:\\xampp\\htdocs\\Khandelwal\\app\\Views\\Hotel_list.php', 184)
 2 SYSTEMPATH\View\View.php(224): include('C:\\xampp\\htdocs\\Khandelwal\\app\\Views\\Hotel_list.php')
 3 SYSTEMPATH\View\View.php(227): CodeIgniter\View\View->CodeIgniter\View\{closure}()
 4 SYSTEMPATH\Common.php(1180): CodeIgniter\View\View->render('Hotel_list', [], true)
 5 APPPATH\Controllers\Home.php(58): view('Hotel_list', [...])
 6 SYSTEMPATH\CodeIgniter.php(932): App\Controllers\Home->hotel_list()
 7 SYSTEMPATH\CodeIgniter.php(497): CodeIgniter\CodeIgniter->runController(Object(App\Controllers\Home))
 8 SYSTEMPATH\CodeIgniter.php(366): CodeIgniter\CodeIgniter->handleRequest(null, Object(Config\Cache), false)
 9 FCPATH\index.php(67): CodeIgniter\CodeIgniter->run()
10 SYSTEMPATH\Commands\Server\rewrite.php(47): require_once('C:\\xampp\\htdocs\\Khandelwal\\public\\index.php')
CRITICAL - 2024-06-06 08:44:29 --> Attempt to read property "id" on array
in APPPATH\Views\Hotel_list.php on line 185.
 1 APPPATH\Views\Hotel_list.php(185): CodeIgniter\Debug\Exceptions->errorHandler(2, 'Attempt to read property "id" on array', 'C:\\xampp\\htdocs\\Khandelwal\\app\\Views\\Hotel_list.php', 185)
 2 SYSTEMPATH\View\View.php(224): include('C:\\xampp\\htdocs\\Khandelwal\\app\\Views\\Hotel_list.php')
 3 SYSTEMPATH\View\View.php(227): CodeIgniter\View\View->CodeIgniter\View\{closure}()
 4 SYSTEMPATH\Common.php(1180): CodeIgniter\View\View->render('Hotel_list', [], true)
 5 APPPATH\Controllers\Home.php(58): view('Hotel_list', [...])
 6 SYSTEMPATH\CodeIgniter.php(932): App\Controllers\Home->hotel_list()
 7 SYSTEMPATH\CodeIgniter.php(497): CodeIgniter\CodeIgniter->runController(Object(App\Controllers\Home))
 8 SYSTEMPATH\CodeIgniter.php(366): CodeIgniter\CodeIgniter->handleRequest(null, Object(Config\Cache), false)
 9 FCPATH\index.php(67): CodeIgniter\CodeIgniter->run()
10 SYSTEMPATH\Commands\Server\rewrite.php(47): require_once('C:\\xampp\\htdocs\\Khandelwal\\public\\index.php')
CRITICAL - 2024-06-06 08:44:40 --> Attempt to read property "id" on array
in APPPATH\Views\Hotel_list.php on line 185.
 1 APPPATH\Views\Hotel_list.php(185): CodeIgniter\Debug\Exceptions->errorHandler(2, 'Attempt to read property "id" on array', 'C:\\xampp\\htdocs\\Khandelwal\\app\\Views\\Hotel_list.php', 185)
 2 SYSTEMPATH\View\View.php(224): include('C:\\xampp\\htdocs\\Khandelwal\\app\\Views\\Hotel_list.php')
 3 SYSTEMPATH\View\View.php(227): CodeIgniter\View\View->CodeIgniter\View\{closure}()
 4 SYSTEMPATH\Common.php(1180): CodeIgniter\View\View->render('Hotel_list', [], true)
 5 APPPATH\Controllers\Home.php(58): view('Hotel_list', [...])
 6 SYSTEMPATH\CodeIgniter.php(932): App\Controllers\Home->hotel_list()
 7 SYSTEMPATH\CodeIgniter.php(497): CodeIgniter\CodeIgniter->runController(Object(App\Controllers\Home))
 8 SYSTEMPATH\CodeIgniter.php(366): CodeIgniter\CodeIgniter->handleRequest(null, Object(Config\Cache), false)
 9 FCPATH\index.php(67): CodeIgniter\CodeIgniter->run()
10 SYSTEMPATH\Commands\Server\rewrite.php(47): require_once('C:\\xampp\\htdocs\\Khandelwal\\public\\index.php')
CRITICAL - 2024-06-06 08:45:01 --> Attempt to read property "id" on array
in APPPATH\Views\Hotel_list.php on line 185.
 1 APPPATH\Views\Hotel_list.php(185): CodeIgniter\Debug\Exceptions->errorHandler(2, 'Attempt to read property "id" on array', 'C:\\xampp\\htdocs\\Khandelwal\\app\\Views\\Hotel_list.php', 185)
 2 SYSTEMPATH\View\View.php(224): include('C:\\xampp\\htdocs\\Khandelwal\\app\\Views\\Hotel_list.php')
 3 SYSTEMPATH\View\View.php(227): CodeIgniter\View\View->CodeIgniter\View\{closure}()
 4 SYSTEMPATH\Common.php(1180): CodeIgniter\View\View->render('Hotel_list', [], true)
 5 APPPATH\Controllers\Home.php(58): view('Hotel_list', [...])
 6 SYSTEMPATH\CodeIgniter.php(932): App\Controllers\Home->hotel_list()
 7 SYSTEMPATH\CodeIgniter.php(497): CodeIgniter\CodeIgniter->runController(Object(App\Controllers\Home))
 8 SYSTEMPATH\CodeIgniter.php(366): CodeIgniter\CodeIgniter->handleRequest(null, Object(Config\Cache), false)
 9 FCPATH\index.php(67): CodeIgniter\CodeIgniter->run()
10 SYSTEMPATH\Commands\Server\rewrite.php(47): require_once('C:\\xampp\\htdocs\\Khandelwal\\public\\index.php')
CRITICAL - 2024-06-06 08:45:09 --> Attempt to read property "id" on array
in APPPATH\Views\Hotel_list.php on line 185.
 1 APPPATH\Views\Hotel_list.php(185): CodeIgniter\Debug\Exceptions->errorHandler(2, 'Attempt to read property "id" on array', 'C:\\xampp\\htdocs\\Khandelwal\\app\\Views\\Hotel_list.php', 185)
 2 SYSTEMPATH\View\View.php(224): include('C:\\xampp\\htdocs\\Khandelwal\\app\\Views\\Hotel_list.php')
 3 SYSTEMPATH\View\View.php(227): CodeIgniter\View\View->CodeIgniter\View\{closure}()
 4 SYSTEMPATH\Common.php(1180): CodeIgniter\View\View->render('Hotel_list', [], true)
 5 APPPATH\Controllers\Home.php(58): view('Hotel_list', [...])
 6 SYSTEMPATH\CodeIgniter.php(932): App\Controllers\Home->hotel_list()
 7 SYSTEMPATH\CodeIgniter.php(497): CodeIgniter\CodeIgniter->runController(Object(App\Controllers\Home))
 8 SYSTEMPATH\CodeIgniter.php(366): CodeIgniter\CodeIgniter->handleRequest(null, Object(Config\Cache), false)
 9 FCPATH\index.php(67): CodeIgniter\CodeIgniter->run()
10 SYSTEMPATH\Commands\Server\rewrite.php(47): require_once('C:\\xampp\\htdocs\\Khandelwal\\public\\index.php')
CRITICAL - 2024-06-06 08:49:42 --> syntax error, unexpected token ")"
in APPPATH\Views\Hotel_list.php on line 159.
 1 SYSTEMPATH\View\View.php(227): CodeIgniter\View\View->CodeIgniter\View\{closure}()
 2 SYSTEMPATH\Common.php(1180): CodeIgniter\View\View->render('Hotel_list', [], true)
 3 APPPATH\Controllers\Home.php(58): view('Hotel_list', [...])
 4 SYSTEMPATH\CodeIgniter.php(932): App\Controllers\Home->hotel_list()
 5 SYSTEMPATH\CodeIgniter.php(497): CodeIgniter\CodeIgniter->runController(Object(App\Controllers\Home))
 6 SYSTEMPATH\CodeIgniter.php(366): CodeIgniter\CodeIgniter->handleRequest(null, Object(Config\Cache), false)
 7 FCPATH\index.php(67): CodeIgniter\CodeIgniter->run()
 8 SYSTEMPATH\Commands\Server\rewrite.php(47): require_once('C:\\xampp\\htdocs\\Khandelwal\\public\\index.php')
CRITICAL - 2024-06-06 08:49:59 --> syntax error, unexpected token ")"
in APPPATH\Views\Hotel_list.php on line 159.
 1 SYSTEMPATH\View\View.php(227): CodeIgniter\View\View->CodeIgniter\View\{closure}()
 2 SYSTEMPATH\Common.php(1180): CodeIgniter\View\View->render('Hotel_list', [], true)
 3 APPPATH\Controllers\Home.php(58): view('Hotel_list', [...])
 4 SYSTEMPATH\CodeIgniter.php(932): App\Controllers\Home->hotel_list()
 5 SYSTEMPATH\CodeIgniter.php(497): CodeIgniter\CodeIgniter->runController(Object(App\Controllers\Home))
 6 SYSTEMPATH\CodeIgniter.php(366): CodeIgniter\CodeIgniter->handleRequest(null, Object(Config\Cache), false)
 7 FCPATH\index.php(67): CodeIgniter\CodeIgniter->run()
 8 SYSTEMPATH\Commands\Server\rewrite.php(47): require_once('C:\\xampp\\htdocs\\Khandelwal\\public\\index.php')
CRITICAL - 2024-06-06 08:51:41 --> Attempt to read property "id" on array
in APPPATH\Views\Hotel_list.php on line 186.
 1 APPPATH\Views\Hotel_list.php(186): CodeIgniter\Debug\Exceptions->errorHandler(2, 'Attempt to read property "id" on array', 'C:\\xampp\\htdocs\\Khandelwal\\app\\Views\\Hotel_list.php', 186)
 2 SYSTEMPATH\View\View.php(224): include('C:\\xampp\\htdocs\\Khandelwal\\app\\Views\\Hotel_list.php')
 3 SYSTEMPATH\View\View.php(227): CodeIgniter\View\View->CodeIgniter\View\{closure}()
 4 SYSTEMPATH\Common.php(1180): CodeIgniter\View\View->render('Hotel_list', [], true)
 5 APPPATH\Controllers\Home.php(58): view('Hotel_list', [...])
 6 SYSTEMPATH\CodeIgniter.php(932): App\Controllers\Home->hotel_list()
 7 SYSTEMPATH\CodeIgniter.php(497): CodeIgniter\CodeIgniter->runController(Object(App\Controllers\Home))
 8 SYSTEMPATH\CodeIgniter.php(366): CodeIgniter\CodeIgniter->handleRequest(null, Object(Config\Cache), false)
 9 FCPATH\index.php(67): CodeIgniter\CodeIgniter->run()
10 SYSTEMPATH\Commands\Server\rewrite.php(47): require_once('C:\\xampp\\htdocs\\Khandelwal\\public\\index.php')
CRITICAL - 2024-06-06 09:21:45 --> Undefined array key "end_time"
in APPPATH\Models\PriceModel.php on line 119.
 1 APPPATH\Models\PriceModel.php(119): CodeIgniter\Debug\Exceptions->errorHandler(2, 'Undefined array key "end_time"', 'C:\\xampp\\htdocs\\Khandelwal\\app\\Models\\PriceModel.php', 119)
 2 APPPATH\Controllers\Home.php(71): App\Models\PriceModel->update1('1', [...])
 3 SYSTEMPATH\CodeIgniter.php(932): App\Controllers\Home->update_price()
 4 SYSTEMPATH\CodeIgniter.php(497): CodeIgniter\CodeIgniter->runController(Object(App\Controllers\Home))
 5 SYSTEMPATH\CodeIgniter.php(366): CodeIgniter\CodeIgniter->handleRequest(null, Object(Config\Cache), false)
 6 FCPATH\index.php(67): CodeIgniter\CodeIgniter->run()
 7 SYSTEMPATH\Commands\Server\rewrite.php(47): require_once('C:\\xampp\\htdocs\\Khandelwal\\public\\index.php')
CRITICAL - 2024-06-06 09:22:05 --> Undefined array key "end_time"
in APPPATH\Models\PriceModel.php on line 119.
 1 APPPATH\Models\PriceModel.php(119): CodeIgniter\Debug\Exceptions->errorHandler(2, 'Undefined array key "end_time"', 'C:\\xampp\\htdocs\\Khandelwal\\app\\Models\\PriceModel.php', 119)
 2 APPPATH\Controllers\Home.php(71): App\Models\PriceModel->update1('1', [...])
 3 SYSTEMPATH\CodeIgniter.php(932): App\Controllers\Home->update_price()
 4 SYSTEMPATH\CodeIgniter.php(497): CodeIgniter\CodeIgniter->runController(Object(App\Controllers\Home))
 5 SYSTEMPATH\CodeIgniter.php(366): CodeIgniter\CodeIgniter->handleRequest(null, Object(Config\Cache), false)
 6 FCPATH\index.php(67): CodeIgniter\CodeIgniter->run()
 7 SYSTEMPATH\Commands\Server\rewrite.php(47): require_once('C:\\xampp\\htdocs\\Khandelwal\\public\\index.php')
